<?xml version="1.0" encoding="UTF-8"?>
<testsuite name="TestSuite" time="5.889" tests="7" errors="0" skipped="0" failures="2">
  <properties>
[...]
</properties>
  <testcase name="isUserLoggedIn" classname="tests.LoginTest" time="0.035"/>
  <testcase name="isUserLoggedIn" classname="tests.FilesDownloadVerification" time="0.035"/>
  <testcase name="isPerformanceTestTutorialDownloadable" classname="tests.FilesDownloadVerification" time="0.899">
    <failure message="expected [true] but found [false]" type="java.lang.AssertionError">java.lang.AssertionError: expected [true] but found [false]
	at org.testng.Assert.fail(Assert.java:94)
	at org.testng.Assert.failNotEquals(Assert.java:494)
	at org.testng.Assert.assertTrue(Assert.java:42)
	at org.testng.Assert.assertTrue(Assert.java:52)
	at tests.FilesDownloadVerification.isPerformanceTestTutorialDownloadable(FilesDownloadVerification.java:34)
</failure>
  </testcase>
  <testcase name="isLoadTestTutorialDownloadable" classname="tests.FilesDownloadVerification" time="0.721"/>
  <testcase name="veifyLoadTestPageLoadsFine" classname="tests.VerifyPagesLoadFine" time="1.331"/>
  <testcase name="verifyPerformancePageLoadsFine" classname="tests.VerifyPagesLoadFine" time="1.656"/>
  <testcase name="verifyLoadTestingToolsPageLoadsFine" classname="tests.VerifyPagesLoadFine" time="1.212">
    <failure message="expected [true] but found [false]" type="java.lang.AssertionError">java.lang.AssertionError: expected [true] but found [false]
	at org.testng.Assert.fail(Assert.java:94)
	at org.testng.Assert.failNotEquals(Assert.java:494)
	at org.testng.Assert.assertTrue(Assert.java:42)
	at org.testng.Assert.assertTrue(Assert.java:52)
	at tests.VerifyPagesLoadFine.verifyLoadTestingToolsPageLoadsFine(VerifyPagesLoadFine.java:37)
</failure>
  </testcase>
</testsuite>